D:\碩一\IMAGEPROCESSING\HW2\NTMEASUREMENT\NTMEASUREMENT\DEBUG\NTMEASUREMENT.PCH
D:\碩一\IMAGEPROCESSING\HW2\NTMEASUREMENT\NTMEASUREMENT\DEBUG\STDAFX.OBJ
D:\碩一\IMAGEPROCESSING\HW2\NTMEASUREMENT\NTMEASUREMENT\DEBUG\VC110.PDB
D:\碩一\IMAGEPROCESSING\HW2\NTMEASUREMENT\NTMEASUREMENT\DEBUG\NTMEASUREMENT.OBJ
D:\碩一\IMAGEPROCESSING\HW2\NTMEASUREMENT\NTMEASUREMENT\DEBUG\MYFORM.OBJ
D:\碩一\IMAGEPROCESSING\HW2\NTMEASUREMENT\NTMEASUREMENT\DEBUG\ASSEMBLYINFO.OBJ
D:\碩一\IMAGEPROCESSING\HW2\NTMEASUREMENT\NTMEASUREMENT\DEBUG\.NETFRAMEWORK,VERSION=V4.5.1.ASSEMBLYATTRIBUTES.OBJ
D:\碩一\ImageProcessing\HW2\NTMeasurement\NTMeasurement\Debug\NTMeasurement.MyForm.resources
D:\碩一\IMAGEPROCESSING\HW2\NTMEASUREMENT\NTMEASUREMENT\DEBUG\APP.RES
D:\碩一\ImageProcessing\HW2\NTMeasurement\NTMeasurement\Debug\NTMeasurement.vcxproj.GenerateResource.Cache
D:\碩一\ImageProcessing\HW2\NTMeasurement\NTMeasurement\Debug\.NETFramework,Version=v4.5.1.AssemblyAttributes.obj
D:\碩一\ImageProcessing\HW2\NTMeasurement\NTMeasurement\Debug\AssemblyInfo.obj
D:\碩一\ImageProcessing\HW2\NTMeasurement\NTMeasurement\Debug\MyForm.obj
D:\碩一\ImageProcessing\HW2\NTMeasurement\NTMeasurement\Debug\NTMeasurement.obj
D:\碩一\ImageProcessing\HW2\NTMeasurement\NTMeasurement\Debug\stdafx.obj
D:\碩一\ImageProcessing\HW2\NTMeasurement\NTMeasurement\Debug\cl.command.1.tlog
D:\碩一\ImageProcessing\HW2\NTMeasurement\NTMeasurement\Debug\CL.read.1.tlog
D:\碩一\ImageProcessing\HW2\NTMeasurement\NTMeasurement\Debug\CL.write.1.tlog
D:\碩一\ImageProcessing\HW2\NTMeasurement\NTMeasurement\Debug\link.command.1.tlog
D:\碩一\ImageProcessing\HW2\NTMeasurement\NTMeasurement\Debug\link.read.1.tlog
D:\碩一\ImageProcessing\HW2\NTMeasurement\NTMeasurement\Debug\link.write.1.tlog
D:\碩一\ImageProcessing\HW2\NTMeasurement\NTMeasurement\Debug\metagen.read.1.tlog
D:\碩一\ImageProcessing\HW2\NTMeasurement\NTMeasurement\Debug\metagen.write.1.tlog
D:\碩一\ImageProcessing\HW2\NTMeasurement\NTMeasurement\Debug\NTMeasurement.write.1.tlog
D:\碩一\ImageProcessing\HW2\NTMeasurement\NTMeasurement\Debug\rc.command.1.tlog
D:\碩一\ImageProcessing\HW2\NTMeasurement\NTMeasurement\Debug\rc.read.1.tlog
D:\碩一\ImageProcessing\HW2\NTMeasurement\NTMeasurement\Debug\rc.write.1.tlog
D:\碩一\ImageProcessing\HW2\NTMeasurement\NTMeasurement\Debug\app.res
D:\碩一\ImageProcessing\HW2\NTMeasurement\NTMeasurement\Debug\NTMeasurement.pch
D:\碩一\ImageProcessing\HW2\NTMeasurement\NTMeasurement\Debug\vc110.pdb
D:\碩一\ImageProcessing\HW2\NTMeasurement\NTMeasurement\Debug\TZRES.DLL.bi
D:\碩一\ImageProcessing\HW2\NTMeasurement\Debug\NTMeasurement.pdb
D:\碩一\ImageProcessing\HW2\NTMeasurement\Debug\NTMeasurement.exe
